<?xml version="1.0" encoding="UTF-8"?>
<testng-results ignored="0" total="2" passed="1" failed="1" skipped="0">
  <reporter-output>
  </reporter-output>
  <suite started-at="2022-11-28T11:11:57 GMT+03:00" name="Default suite" finished-at="2022-11-28T11:13:21 GMT+03:00" duration-ms="84270">
    <groups>
    </groups>
    <test started-at="2022-11-28T11:11:57 GMT+03:00" name="Default test" finished-at="2022-11-28T11:13:21 GMT+03:00" duration-ms="84270">
      <class name="automation.SmartBuy_cart">
        <test-method is-config="true" signature="this_is_before_test()[pri:0, instance:automation.SmartBuy_cart@6d763516]" started-at="2022-11-28T11:11:57 GMT+03:00" name="this_is_before_test" finished-at="2022-11-28T11:13:18 GMT+03:00" duration-ms="80948" status="PASS">
          <reporter-output>
          </reporter-output>
        </test-method> <!-- this_is_before_test -->
        <test-method signature="Test_Adding_item_SAMSUNG_50_inch()[pri:0, instance:automation.SmartBuy_cart@6d763516]" started-at="2022-11-28T11:13:18 GMT+03:00" name="Test_Adding_item_SAMSUNG_50_inch" finished-at="2022-11-28T11:13:20 GMT+03:00" duration-ms="2704" status="PASS">
          <reporter-output>
          </reporter-output>
        </test-method> <!-- Test_Adding_item_SAMSUNG_50_inch -->
        <test-method signature="we_need_to_check_the_correct_price()[pri:0, instance:automation.SmartBuy_cart@6d763516]" started-at="2022-11-28T11:13:20 GMT+03:00" name="we_need_to_check_the_correct_price" finished-at="2022-11-28T11:13:21 GMT+03:00" duration-ms="561" status="FAIL">
          <exception class="java.lang.AssertionError">
            <message>
              <![CDATA[The following asserts failed:
expected [5.796] but found [144.9]]]>
            </message>
            <full-stacktrace>
              <![CDATA[java.lang.AssertionError: The following asserts failed:
expected [5.796] but found [144.9]
at org.testng.asserts.SoftAssert.assertAll(SoftAssert.java:47)
at org.testng.asserts.SoftAssert.assertAll(SoftAssert.java:31)
at automation.SmartBuy_cart.we_need_to_check_the_correct_price(SmartBuy_cart.java:81)
at java.base/jdk.internal.reflect.DirectMethodHandleAccessor.invoke(DirectMethodHandleAccessor.java:104)
at java.base/java.lang.reflect.Method.invoke(Method.java:578)
at org.testng.internal.MethodInvocationHelper.invokeMethod(MethodInvocationHelper.java:133)
at org.testng.internal.TestInvoker.invokeMethod(TestInvoker.java:598)
at org.testng.internal.TestInvoker.invokeTestMethod(TestInvoker.java:173)
at org.testng.internal.MethodRunner.runInSequence(MethodRunner.java:46)
at org.testng.internal.TestInvoker$MethodInvocationAgent.invoke(TestInvoker.java:824)
at org.testng.internal.TestInvoker.invokeTestMethods(TestInvoker.java:146)
at org.testng.internal.TestMethodWorker.invokeTestMethods(TestMethodWorker.java:146)
at org.testng.internal.TestMethodWorker.run(TestMethodWorker.java:128)
at java.base/java.util.ArrayList.forEach(ArrayList.java:1511)
at org.testng.TestRunner.privateRun(TestRunner.java:794)
at org.testng.TestRunner.run(TestRunner.java:596)
at org.testng.SuiteRunner.runTest(SuiteRunner.java:377)
at org.testng.SuiteRunner.runSequentially(SuiteRunner.java:371)
at org.testng.SuiteRunner.privateRun(SuiteRunner.java:332)
at org.testng.SuiteRunner.run(SuiteRunner.java:276)
at org.testng.SuiteRunnerWorker.runSuite(SuiteRunnerWorker.java:53)
at org.testng.SuiteRunnerWorker.run(SuiteRunnerWorker.java:96)
at org.testng.TestNG.runSuitesSequentially(TestNG.java:1212)
at org.testng.TestNG.runSuitesLocally(TestNG.java:1134)
at org.testng.TestNG.runSuites(TestNG.java:1063)
at org.testng.TestNG.run(TestNG.java:1031)
at org.testng.remote.AbstractRemoteTestNG.run(AbstractRemoteTestNG.java:115)
at org.testng.remote.RemoteTestNG.initAndRun(RemoteTestNG.java:251)
at org.testng.remote.RemoteTestNG.main(RemoteTestNG.java:77)
]]>
            </full-stacktrace>
          </exception> <!-- java.lang.AssertionError -->
          <reporter-output>
          </reporter-output>
        </test-method> <!-- we_need_to_check_the_correct_price -->
      </class> <!-- automation.SmartBuy_cart -->
    </test> <!-- Default test -->
  </suite> <!-- Default suite -->
</testng-results>
